2025-02-18 09:53:35,420 [INFO] Activator:176 - 


2025-02-18 09:53:35,423 [INFO] Activator:177 - !SESSION log4j initialized
2025-02-18 09:53:37,330 [ERROR] LogOutputStream:75 - [STDERR_REDIRECT] 
2025-02-18 09:53:39,674 [INFO] LogOutputStream:77 - [STDOUT_REDIRECT] 
2025-02-18 09:53:42,659 [INFO] ApplicationProperties:184 - Using Application install path: /Applications/STM32CubeIDE.app/Contents/Eclipse/plugins/com.st.stm32cube.common.mx_6.13.0.202411220809
2025-02-18 09:53:42,681 [INFO] DbMcusXml:78 - Set database path to: /Applications/STM32CubeIDE.app/Contents/Eclipse/plugins/com.st.stm32cube.common.mx_6.13.0.202411220809//db//mcu/
2025-02-18 09:53:42,681 [INFO] ApiDb:274 - Set plugin database path to: /Applications/STM32CubeIDE.app/Contents/Eclipse/plugins/com.st.stm32cube.common.mx_6.13.0.202411220809//db//plugins/boardmanager/
2025-02-18 09:53:42,683 [WARN] ApiDb:259 - Overriding images path with different value:  => /Applications/STM32CubeIDE.app/Contents/Eclipse/plugins/com.st.stm32cube.common.mx_6.13.0.202411220809//db//plugins/mcufinder/images/
2025-02-18 09:53:42,690 [INFO] ApiDb:250 - Set database path to: /Users/andrewhuynh1289/.stmcufinder/plugins/mcufinder//mcu/
2025-02-18 09:53:42,691 [INFO] DbMcusAds:125 - Set database path to: /Users/andrewhuynh1289/.stmcufinder/plugins/mcufinder//mcu/
2025-02-18 09:53:42,693 [INFO] CrossReferenceDbSqlite:203 - Set database path to: /Users/andrewhuynh1289/.stmcufinder/plugins/mcufinder//mcu/cs/
2025-02-18 09:53:42,995 [INFO] RulesReader:64 - Compatibility file has been processed (297 Rules)
2025-02-18 09:53:43,201 [INFO] DbMcusXml:78 - Set database path to: /Applications/STM32CubeIDE.app/Contents/Eclipse/plugins/com.st.stm32cube.common.mx_6.13.0.202411220809//db//mcu/
2025-02-18 09:53:43,202 [INFO] ApiDb:274 - Set plugin database path to: /Applications/STM32CubeIDE.app/Contents/Eclipse/plugins/com.st.stm32cube.common.mx_6.13.0.202411220809//db//plugins/boardmanager/
2025-02-18 09:53:43,202 [INFO] ApiDb:261 - Set plugin images path to: /Applications/STM32CubeIDE.app/Contents/Eclipse/plugins/com.st.stm32cube.common.mx_6.13.0.202411220809//db//plugins/mcufinder/images/
2025-02-18 09:53:43,202 [WARN] DbFile:41 - Overriding database path with different value: /Users/andrewhuynh1289/.stmcufinder/plugins/mcufinder/ => /Users/andrewhuynh1289/.stmcufinder/plugins/mcufinder
2025-02-18 09:53:43,203 [INFO] ApiDb:250 - Set database path to: /Users/andrewhuynh1289/.stmcufinder/plugins/mcufinder//mcu/
2025-02-18 09:53:43,203 [WARN] DbFile:41 - Overriding database path with different value: /Users/andrewhuynh1289/.stmcufinder/plugins/mcufinder/ => /Users/andrewhuynh1289/.stmcufinder/plugins/mcufinder
2025-02-18 09:53:43,203 [INFO] DbMcusAds:125 - Set database path to: /Users/andrewhuynh1289/.stmcufinder/plugins/mcufinder//mcu/
2025-02-18 09:53:43,203 [WARN] DbFile:41 - Overriding database path with different value: /Users/andrewhuynh1289/.stmcufinder/plugins/mcufinder/ => /Users/andrewhuynh1289/.stmcufinder/plugins/mcufinder
2025-02-18 09:53:43,203 [WARN] DbFile:41 - Overriding database path with different value: /Users/andrewhuynh1289/.stmcufinder/plugins/mcufinder/ => /Users/andrewhuynh1289/.stmcufinder/plugins/mcufinder
2025-02-18 09:53:43,204 [INFO] CrossReferenceDbSqlite:203 - Set database path to: /Users/andrewhuynh1289/.stmcufinder/plugins/mcufinder//mcu/cs/
2025-02-18 09:53:43,358 [ERROR] LogOutputStream:75 - [STDERR_REDIRECT] [Fatal Error] :2:10: DOCTYPE is disallowed when the feature "http://apache.org/xml/features/disallow-doctype-decl" set to true.
2025-02-18 09:53:43,360 [ERROR] LogOutputStream:75 - [STDERR_REDIRECT] 
2025-02-18 09:53:43,380 [INFO] MainPanel:272 - HeapMemory: 320864256
2025-02-18 09:53:43,815 [INFO] DbMcusXml:78 - Set database path to: /Applications/STM32CubeIDE.app/Contents/Eclipse/plugins/com.st.stm32cube.common.mx_6.13.0.202411220809//db//mcu/
2025-02-18 09:53:43,816 [INFO] ApiDb:274 - Set plugin database path to: /Applications/STM32CubeIDE.app/Contents/Eclipse/plugins/com.st.stm32cube.common.mx_6.13.0.202411220809//db//plugins/boardmanager/
2025-02-18 09:53:43,816 [INFO] ApiDb:261 - Set plugin images path to: /Applications/STM32CubeIDE.app/Contents/Eclipse/plugins/com.st.stm32cube.common.mx_6.13.0.202411220809//db//plugins/mcufinder/images/
2025-02-18 09:53:43,816 [WARN] DbFile:41 - Overriding database path with different value: /Users/andrewhuynh1289/.stmcufinder/plugins/mcufinder/ => /Users/andrewhuynh1289/.stmcufinder/plugins/mcufinder
2025-02-18 09:53:43,816 [INFO] ApiDb:250 - Set database path to: /Users/andrewhuynh1289/.stmcufinder/plugins/mcufinder//mcu/
2025-02-18 09:53:43,816 [WARN] DbFile:41 - Overriding database path with different value: /Users/andrewhuynh1289/.stmcufinder/plugins/mcufinder/ => /Users/andrewhuynh1289/.stmcufinder/plugins/mcufinder
2025-02-18 09:53:43,816 [INFO] DbMcusAds:125 - Set database path to: /Users/andrewhuynh1289/.stmcufinder/plugins/mcufinder//mcu/
2025-02-18 09:53:43,816 [WARN] DbFile:41 - Overriding database path with different value: /Users/andrewhuynh1289/.stmcufinder/plugins/mcufinder/ => /Users/andrewhuynh1289/.stmcufinder/plugins/mcufinder
2025-02-18 09:53:43,817 [WARN] DbFile:41 - Overriding database path with different value: /Users/andrewhuynh1289/.stmcufinder/plugins/mcufinder/ => /Users/andrewhuynh1289/.stmcufinder/plugins/mcufinder
2025-02-18 09:53:43,817 [INFO] CrossReferenceDbSqlite:203 - Set database path to: /Users/andrewhuynh1289/.stmcufinder/plugins/mcufinder//mcu/cs/
2025-02-18 09:53:43,839 [INFO] ApplicationProperties:184 - Using Application install path: /Applications/STM32CubeIDE.app/Contents/Eclipse/plugins/com.st.stm32cube.common.mx_6.13.0.202411220809
2025-02-18 09:53:43,840 [INFO] PluginManage:196 - Search for loadable plugins [exclusion list=, ]
2025-02-18 09:53:43,842 [INFO] PluginManage:310 - Check plugin analytics
2025-02-18 09:53:44,111 [INFO] AnalyticsPlugin:253 - Accepted Software Licenses: 
2025-02-18 09:53:44,114 [INFO] AnalyticsPlugin:255 - Accepted CMSIS Pack Licenses: 
2025-02-18 09:53:44,115 [INFO] AnalyticsPlugin:257 - Accepted Firmware Licenses: FW.F4.1.27.0,FW.WL.1.3.0
2025-02-18 09:53:44,135 [INFO] PluginManage:359 - Loaded plugin analytics (category:tool,tabindex:-1)
2025-02-18 09:53:44,137 [INFO] PluginManage:310 - Check plugin cadmodel
2025-02-18 09:53:44,152 [INFO] CADModel:105 - Init CAD model plugin
2025-02-18 09:53:44,152 [INFO] PluginManage:359 - Loaded plugin cadmodel (category:power,tabindex:5)
2025-02-18 09:53:44,153 [INFO] PluginManage:310 - Check plugin clock
2025-02-18 09:53:44,169 [INFO] PluginManage:359 - Loaded plugin clock (category:base,tabindex:2)
2025-02-18 09:53:44,169 [INFO] PluginManage:310 - Check plugin ddr
2025-02-18 09:53:44,172 [INFO] PluginManage:359 - Loaded plugin ddr (category:tool,tabindex:6)
2025-02-18 09:53:44,172 [INFO] PluginManage:310 - Check plugin filemanager
2025-02-18 09:53:44,848 [INFO] PluginManage:359 - Loaded plugin filemanager (category:base,tabindex:10)
2025-02-18 09:53:44,855 [INFO] PluginManage:310 - Check plugin ipmanager
2025-02-18 09:53:44,951 [INFO] PluginManage:359 - Loaded plugin ipmanager (category:base,tabindex:5)
2025-02-18 09:53:44,954 [INFO] PluginManage:310 - Check plugin lpbam
2025-02-18 09:53:44,988 [INFO] PluginManage:359 - Loaded plugin lpbam (category:base,tabindex:0)
2025-02-18 09:53:44,989 [INFO] PluginManage:310 - Check plugin memorymap
2025-02-18 09:53:45,031 [INFO] PluginManage:359 - Loaded plugin memorymap (category:base,tabindex:4)
2025-02-18 09:53:45,032 [INFO] PluginManage:310 - Check plugin pinoutandconfiguration
2025-02-18 09:53:45,039 [INFO] PluginManage:359 - Loaded plugin pinoutandconfiguration (category:base,tabindex:1)
2025-02-18 09:53:45,039 [INFO] PluginManage:310 - Check plugin pinoutconfig
2025-02-18 09:53:45,166 [WARN] SupportedApi:132 - Cannot load RTOS API schema: s4s-elt-must-match.1: The content of 'definitions' must match (annotation?, (simpleType | complexType)?, (unique | key | keyref)*)). A problem was found starting at: attribute.
2025-02-18 09:53:45,589 [INFO] PluginManage:359 - Loaded plugin pinoutconfig (category:base,tabindex:0)
2025-02-18 09:53:45,590 [INFO] PluginManage:310 - Check plugin power
2025-02-18 09:53:45,605 [INFO] PluginManage:359 - Loaded plugin power (category:power,tabindex:4)
2025-02-18 09:53:45,605 [INFO] PluginManage:310 - Check plugin projectmanager
2025-02-18 09:53:45,640 [INFO] PluginManage:359 - Loaded plugin projectmanager (category:projectmanager,tabindex:4)
2025-02-18 09:53:45,640 [INFO] PluginManage:310 - Check plugin rif
2025-02-18 09:53:45,646 [INFO] PluginManage:359 - Loaded plugin rif (category:base,tabindex:3)
2025-02-18 09:53:45,647 [INFO] PluginManage:310 - Check plugin thirdparty
2025-02-18 09:53:45,866 [INFO] PluginManage:359 - Loaded plugin thirdparty (category:base,tabindex:-1)
2025-02-18 09:53:45,867 [INFO] PluginManage:310 - Check plugin tools
2025-02-18 09:53:45,872 [INFO] PluginManage:359 - Loaded plugin tools (category:base,tabindex:7)
2025-02-18 09:53:45,872 [INFO] PluginManage:310 - Check plugin tutovideos
2025-02-18 09:53:45,866 [WARN] IntegrityCheckThread:84 - waiting for thirdparty lock release [integrity check]
2025-02-18 09:53:45,873 [INFO] IntegrityCheckThread:86 - entering critical section [integrity check]
2025-02-18 09:53:45,874 [INFO] ThirdPartyUpdaterWithRetryManager:70 - Updater plugin not ready yet. [1/15]
2025-02-18 09:53:46,080 [INFO] PluginManage:359 - Loaded plugin tutovideos (category:base,tabindex:-1)
2025-02-18 09:53:46,080 [INFO] PluginManage:310 - Check plugin updater
2025-02-18 09:53:46,117 [INFO] PluginManage:359 - Loaded plugin updater (category:base,tabindex:12)
2025-02-18 09:53:46,117 [INFO] PluginManage:310 - Check plugin userauth
2025-02-18 09:53:46,124 [INFO] UserAuth:118 - Init User Auth plugin
2025-02-18 09:53:46,126 [INFO] PluginManage:359 - Loaded plugin userauth (category:base,tabindex:14)
2025-02-18 09:53:46,127 [INFO] PluginManage:283 - PluginManage : Loaded plugins [18]
2025-02-18 09:53:46,428 [INFO] PinOutPanel:1589 - setPackage(No Configuration,No Configuration)
2025-02-18 09:53:46,516 [INFO] CADModel:165 - CPN selected for project level
2025-02-18 09:53:46,517 [INFO] CADModel:114 - Register for checkConnection events
2025-02-18 09:53:46,529 [INFO] IPUIPlugin:80 - create IPUIPlugin
2025-02-18 09:53:46,529 [INFO] PluginManager:220 - loadIPPluginJar : add mdma
2025-02-18 09:53:46,536 [INFO] IPUIPlugin:80 - create IPUIPlugin
2025-02-18 09:53:46,536 [INFO] PluginManager:220 - loadIPPluginJar : add freertos
2025-02-18 09:53:46,540 [INFO] IPUIPlugin:80 - create IPUIPlugin
2025-02-18 09:53:46,540 [INFO] PluginManager:220 - loadIPPluginJar : add gic
2025-02-18 09:53:46,547 [INFO] IPUIPlugin:80 - create IPUIPlugin
2025-02-18 09:53:46,547 [INFO] PluginManager:220 - loadIPPluginJar : add adc
2025-02-18 09:53:46,549 [INFO] IPUIPlugin:80 - create IPUIPlugin
2025-02-18 09:53:46,549 [INFO] PluginManager:220 - loadIPPluginJar : add gtzc
2025-02-18 09:53:46,550 [INFO] IPUIPlugin:80 - create IPUIPlugin
2025-02-18 09:53:46,550 [INFO] PluginManager:220 - loadIPPluginJar : add quadspi
2025-02-18 09:53:46,551 [INFO] IPUIPlugin:80 - create IPUIPlugin
2025-02-18 09:53:46,551 [INFO] PluginManager:220 - loadIPPluginJar : add aes
2025-02-18 09:53:46,554 [INFO] IPUIPlugin:80 - create IPUIPlugin
2025-02-18 09:53:46,554 [INFO] PluginManager:220 - loadIPPluginJar : add pdm2pcm
2025-02-18 09:53:46,555 [INFO] IPUIPlugin:80 - create IPUIPlugin
2025-02-18 09:53:46,555 [INFO] PluginManager:220 - loadIPPluginJar : add hash
2025-02-18 09:53:46,556 [INFO] IPUIPlugin:80 - create IPUIPlugin
2025-02-18 09:53:46,556 [INFO] PluginManager:220 - loadIPPluginJar : add tim
2025-02-18 09:53:46,557 [INFO] IPUIPlugin:80 - create IPUIPlugin
2025-02-18 09:53:46,557 [INFO] PluginManager:220 - loadIPPluginJar : add tsc
2025-02-18 09:53:46,559 [INFO] IPUIPlugin:80 - create IPUIPlugin
2025-02-18 09:53:46,559 [INFO] PluginManager:220 - loadIPPluginJar : add extmemmanager
2025-02-18 09:53:46,562 [INFO] IPUIPlugin:80 - create IPUIPlugin
2025-02-18 09:53:46,562 [INFO] PluginManager:220 - loadIPPluginJar : add ts
2025-02-18 09:53:46,564 [INFO] IPUIPlugin:80 - create IPUIPlugin
2025-02-18 09:53:46,564 [INFO] PluginManager:220 - loadIPPluginJar : add radio
2025-02-18 09:53:46,567 [INFO] IPUIPlugin:80 - create IPUIPlugin
2025-02-18 09:53:46,567 [INFO] PluginManager:220 - loadIPPluginJar : add can
2025-02-18 09:53:46,569 [INFO] IPUIPlugin:80 - create IPUIPlugin
2025-02-18 09:53:46,569 [INFO] PluginManager:220 - loadIPPluginJar : add dma3
2025-02-18 09:53:46,571 [INFO] IPUIPlugin:80 - create IPUIPlugin
2025-02-18 09:53:46,571 [INFO] PluginManager:220 - loadIPPluginJar : add dfsdm
2025-02-18 09:53:46,572 [INFO] IPUIPlugin:80 - create IPUIPlugin
2025-02-18 09:53:46,572 [INFO] PluginManager:220 - loadIPPluginJar : add spi
2025-02-18 09:53:46,573 [INFO] IPUIPlugin:80 - create IPUIPlugin
2025-02-18 09:53:46,573 [INFO] PluginManager:220 - loadIPPluginJar : add gfxmmu
2025-02-18 09:53:46,575 [INFO] IPUIPlugin:80 - create IPUIPlugin
2025-02-18 09:53:46,575 [INFO] PluginManager:220 - loadIPPluginJar : add genericplugin
2025-02-18 09:53:46,576 [INFO] IPUIPlugin:80 - create IPUIPlugin
2025-02-18 09:53:46,577 [INFO] PluginManager:220 - loadIPPluginJar : add cryp
2025-02-18 09:53:46,579 [INFO] IPUIPlugin:80 - create IPUIPlugin
2025-02-18 09:53:46,579 [INFO] PluginManager:220 - loadIPPluginJar : add gpio
2025-02-18 09:53:46,581 [INFO] IPUIPlugin:80 - create IPUIPlugin
2025-02-18 09:53:46,582 [INFO] PluginManager:220 - loadIPPluginJar : add ddr_ctrl_phy
2025-02-18 09:53:46,583 [INFO] IPUIPlugin:80 - create IPUIPlugin
2025-02-18 09:53:46,583 [INFO] PluginManager:220 - loadIPPluginJar : add comp
2025-02-18 09:53:46,585 [INFO] IPUIPlugin:80 - create IPUIPlugin
2025-02-18 09:53:46,586 [INFO] PluginManager:220 - loadIPPluginJar : add tracer_emb
2025-02-18 09:53:46,588 [INFO] IPUIPlugin:80 - create IPUIPlugin
2025-02-18 09:53:46,588 [INFO] PluginManager:220 - loadIPPluginJar : add openamp
2025-02-18 09:53:46,591 [INFO] IPUIPlugin:80 - create IPUIPlugin
2025-02-18 09:53:46,591 [INFO] PluginManager:220 - loadIPPluginJar : add stm32_wpan
2025-02-18 09:53:46,595 [INFO] IPUIPlugin:80 - create IPUIPlugin
2025-02-18 09:53:46,599 [INFO] PluginManager:220 - loadIPPluginJar : add plateformsettings
2025-02-18 09:53:46,601 [INFO] IPUIPlugin:80 - create IPUIPlugin
2025-02-18 09:53:46,601 [INFO] PluginManager:220 - loadIPPluginJar : add ipddr
2025-02-18 09:53:46,603 [INFO] IPUIPlugin:80 - create IPUIPlugin
2025-02-18 09:53:46,603 [INFO] PluginManager:220 - loadIPPluginJar : add usart
2025-02-18 09:53:46,604 [INFO] IPUIPlugin:80 - create IPUIPlugin
2025-02-18 09:53:46,604 [INFO] PluginManager:220 - loadIPPluginJar : add ltdc
2025-02-18 09:53:46,607 [INFO] IPUIPlugin:80 - create IPUIPlugin
2025-02-18 09:53:46,607 [INFO] PluginManager:220 - loadIPPluginJar : add nvic
2025-02-18 09:53:46,608 [INFO] IPUIPlugin:80 - create IPUIPlugin
2025-02-18 09:53:46,608 [INFO] PluginManager:220 - loadIPPluginJar : add fatfs
2025-02-18 09:53:46,613 [INFO] IPUIPlugin:80 - create IPUIPlugin
2025-02-18 09:53:46,613 [INFO] PluginManager:220 - loadIPPluginJar : add linkedlist
2025-02-18 09:53:46,617 [INFO] IPUIPlugin:80 - create IPUIPlugin
2025-02-18 09:53:46,617 [INFO] PluginManager:220 - loadIPPluginJar : add dma
2025-02-18 09:53:46,619 [INFO] IPUIPlugin:80 - create IPUIPlugin
2025-02-18 09:53:46,619 [INFO] PluginManager:220 - loadIPPluginJar : add fmc
2025-02-18 09:53:46,620 [INFO] IPUIPlugin:80 - create IPUIPlugin
2025-02-18 09:53:46,620 [INFO] PluginManager:220 - loadIPPluginJar : add i2s
2025-02-18 09:53:46,621 [INFO] IPUIPlugin:80 - create IPUIPlugin
2025-02-18 09:53:46,622 [INFO] PluginManager:220 - loadIPPluginJar : add ucpd
2025-02-18 09:53:46,623 [INFO] IPUIPlugin:80 - create IPUIPlugin
2025-02-18 09:53:46,623 [INFO] PluginManager:220 - loadIPPluginJar : add lorawan
2025-02-18 09:53:46,626 [INFO] IPUIPlugin:80 - create IPUIPlugin
2025-02-18 09:53:46,626 [INFO] PluginManager:220 - loadIPPluginJar : add opamp
2025-02-18 09:53:46,630 [INFO] IPUIPlugin:80 - create IPUIPlugin
2025-02-18 09:53:46,630 [INFO] PluginManager:220 - loadIPPluginJar : add i3c
2025-02-18 09:53:46,633 [INFO] IPUIPlugin:80 - create IPUIPlugin
2025-02-18 09:53:46,634 [INFO] PluginManager:220 - loadIPPluginJar : add touchsensing
2025-02-18 09:53:46,637 [INFO] IPUIPlugin:80 - create IPUIPlugin
2025-02-18 09:53:46,637 [INFO] PluginManager:220 - loadIPPluginJar : add i2c
2025-02-18 09:53:46,639 [INFO] IPUIPlugin:80 - create IPUIPlugin
2025-02-18 09:53:46,639 [INFO] PluginManager:220 - loadIPPluginJar : add resmgrutility
2025-02-18 09:53:46,642 [INFO] IPUIPlugin:80 - create IPUIPlugin
2025-02-18 09:53:46,642 [INFO] PluginManager:220 - loadIPPluginJar : add sai
2025-02-18 09:53:46,643 [INFO] IPUIPlugin:80 - create IPUIPlugin
2025-02-18 09:53:46,644 [INFO] PluginManager:220 - loadIPPluginJar : add usbx
2025-02-18 09:53:46,765 [FATAL] Updater:351 - Updater called before beeing initialized
2025-02-18 09:53:46,830 [INFO] RulesReader:64 - Compatibility file has been processed (297 Rules)
2025-02-18 09:53:46,849 [INFO] RulesReader:64 - Compatibility file has been processed (297 Rules)
2025-02-18 09:53:46,864 [INFO] CADModel:165 - CPN selected for project level
2025-02-18 09:53:46,864 [INFO] CADModel:114 - Register for checkConnection events
2025-02-18 09:53:46,864 [FATAL] Updater:351 - Updater called before beeing initialized
2025-02-18 09:53:46,864 [ERROR] CADModel:125 - Updater not yet initialized, retry later 
2025-02-18 09:53:47,127 [FATAL] Updater:351 - Updater called before beeing initialized
2025-02-18 09:53:47,130 [INFO] CADModel:165 - CPN selected for project level
2025-02-18 09:53:47,130 [INFO] CADModel:114 - Register for checkConnection events
2025-02-18 09:53:47,130 [FATAL] Updater:351 - Updater called before beeing initialized
2025-02-18 09:53:47,130 [ERROR] CADModel:125 - Updater not yet initialized, retry later 
2025-02-18 09:53:47,133 [FATAL] Updater:351 - Updater called before beeing initialized
2025-02-18 09:53:47,343 [FATAL] Updater:351 - Updater called before beeing initialized
2025-02-18 09:53:47,350 [INFO] DbMcusAds:53 - JSON generation date=Fri Sep 20 07:04:23 MDT 2024 (1726837463113)
2025-02-18 09:53:47,350 [FATAL] Updater:351 - Updater called before beeing initialized
2025-02-18 09:53:47,431 [WARN] DetailPanel:346 - Failed to get advertising image, set to default
2025-02-18 09:53:47,747 [FATAL] Updater:351 - Updater called before beeing initialized
2025-02-18 09:53:47,750 [FATAL] Updater:351 - Updater called before beeing initialized
2025-02-18 09:53:47,750 [FATAL] Updater:351 - Updater called before beeing initialized
2025-02-18 09:53:47,751 [WARN] DetailPanel:346 - Failed to get advertising image, set to default
2025-02-18 09:53:47,752 [FATAL] Updater:351 - Updater called before beeing initialized
2025-02-18 09:53:47,832 [ERROR] Updater:1198 - MainUpdater not yet initialized. External WinMGr cannot be set.
2025-02-18 09:53:47,840 [INFO] Updater:1134 - Updater Version found : 6.13.0
2025-02-18 09:53:47,856 [INFO] ApplicationProperties:184 - Using Application install path: /Applications/STM32CubeIDE.app/Contents/Eclipse/plugins/com.st.stm32cube.common.mx_6.13.0.202411220809
2025-02-18 09:53:48,315 [INFO] MainUpdater:2872 - connection check result : 10
2025-02-18 09:53:48,316 [INFO] MainUpdater:289 - Updater Check For Update Now.
2025-02-18 09:53:48,316 [INFO] MicroXplorer:498 - Change Database Version : DB.6.0.130
2025-02-18 09:53:48,321 [INFO] McuFinderGlobals:63 - Set McuFinder mode to 2 (CubeIDE integrated)
2025-02-18 09:53:48,323 [INFO] UserAuth:486 - Internet connection configuration mode: 1
2025-02-18 09:53:48,333 [INFO] JxBrowserEngine:152 - Initiate JxBrowser Engine with user profile folder
2025-02-18 09:53:48,659 [INFO] CheckServerUpdateThread:120 - End of CheckServer Thread
2025-02-18 09:53:49,061 [WARN] PackLoader:240 - Cannot read IP mode file for STMicroelectronics.FP-SNS-MOTENVWB1.1.4.0
2025-02-18 09:53:49,086 [WARN] PackLoader:240 - Cannot read IP mode file for STMicroelectronics.FP-ATR-ASTRA1.2.0.1
2025-02-18 09:53:49,101 [WARN] PackLoader:240 - Cannot read IP mode file for STMicroelectronics.X-CUBE-SMBUS.2.1.0
2025-02-18 09:53:49,114 [WARN] PackLoader:240 - Cannot read IP mode file for STMicroelectronics.X-CUBE-WB05N.1.1.0
2025-02-18 09:53:49,129 [WARN] PackLoader:240 - Cannot read IP mode file for STMicroelectronics.X-CUBE-TOUCHGFX.4.23.0
2025-02-18 09:53:49,133 [WARN] PackLoader:240 - Cannot read IP mode file for STMicroelectronics.X-CUBE-TOUCHGFX.4.23.2
2025-02-18 09:53:49,201 [WARN] PackLoader:240 - Cannot read IP mode file for STMicroelectronics.X-CUBE-AZRTOS-F7.1.1.0
2025-02-18 09:53:49,263 [WARN] PackLoader:240 - Cannot read IP mode file for STMicroelectronics.FP-SNS-MOTENV1.4.3.2
2025-02-18 09:53:49,470 [WARN] PackLoader:240 - Cannot read IP mode file for STMicroelectronics.X-CUBE-MEMS1.11.0.0
2025-02-18 09:53:49,775 [WARN] PackLoader:240 - Cannot read IP mode file for STMicroelectronics.FP-SNS-FLIGHT1.5.0.2
2025-02-18 09:53:49,813 [WARN] PackLoader:240 - Cannot read IP mode file for STMicroelectronics.X-CUBE-DISPLAY.3.0.0
2025-02-18 09:53:49,864 [WARN] PackLoader:240 - Cannot read IP mode file for STMicroelectronics.X-CUBE-BLE1.7.0.0
2025-02-18 09:53:49,906 [WARN] PackLoader:240 - Cannot read IP mode file for STMicroelectronics.X-CUBE-NFC10.1.0.0
2025-02-18 09:53:49,961 [WARN] PackLoader:240 - Cannot read IP mode file for STMicroelectronics.X-CUBE-BLEMGR.4.0.0
2025-02-18 09:53:49,989 [WARN] PackLoader:240 - Cannot read IP mode file for emotas.I-CUBE-CANOPEN.1.3.0
2025-02-18 09:53:49,996 [WARN] PackLoader:240 - Cannot read IP mode file for STMicroelectronics.X-CUBE-TOUCHGFX.4.22.0
2025-02-18 09:53:49,999 [WARN] PackLoader:240 - Cannot read IP mode file for STMicroelectronics.X-CUBE-TOUCHGFX.4.22.1
2025-02-18 09:53:50,060 [WARN] PackLoader:240 - Cannot read IP mode file for STMicroelectronics.X-CUBE-BLEMGR.3.1.0
2025-02-18 09:53:50,116 [WARN] PackLoader:240 - Cannot read IP mode file for STMicroelectronics.X-CUBE-AI.10.0.0
2025-02-18 09:53:50,126 [WARN] PackLoader:240 - Cannot read IP mode file for STMicroelectronics.FP-SNS-SMARTAG2.1.2.0
2025-02-18 09:53:50,300 [WARN] PackLoader:240 - Cannot read IP mode file for STMicroelectronics.X-CUBE-MEMS1.11.1.0
2025-02-18 09:53:50,481 [INFO] LogOutputStream:77 - [STDOUT_REDIRECT] 1 : Invalid condition id : UX_CORESTACK_Condition cause : null
2025-02-18 09:53:50,482 [INFO] LogOutputStream:77 - [STDOUT_REDIRECT] 1 : Invalid condition id : UX_CORESTACK_Condition cause : null
2025-02-18 09:53:50,483 [INFO] LogOutputStream:77 - [STDOUT_REDIRECT] 1 : Invalid condition id : UX_CORESTACK_Condition cause : null
2025-02-18 09:53:50,484 [INFO] LogOutputStream:77 - [STDOUT_REDIRECT] 1 : Invalid condition id : UX_CORESTACK_Condition cause : null
2025-02-18 09:53:50,488 [INFO] LogOutputStream:77 - [STDOUT_REDIRECT] 1 : Invalid condition id : UX_CORESTACK_Condition cause : null
2025-02-18 09:53:50,496 [WARN] PackLoader:240 - Cannot read IP mode file for STMicroelectronics.X-CUBE-AZRTOS-WL.2.0.0
2025-02-18 09:53:50,509 [WARN] PackLoader:240 - Cannot read IP mode file for STMicroelectronics.FP-SNS-MOTENV1.5.0.0
2025-02-18 09:53:50,515 [WARN] PackLoader:240 - Cannot read IP mode file for wolfSSL.I-CUBE-wolfMQTT.1.19.0
2025-02-18 09:53:50,527 [WARN] PackLoader:240 - Cannot read IP mode file for WES.I-CUBE-Cesium.1.3.0
2025-02-18 09:53:50,533 [WARN] PackLoader:240 - Cannot read IP mode file for STMicroelectronics.X-CUBE-BLE2.3.3.0
2025-02-18 09:53:50,544 [WARN] PackLoader:240 - Cannot read IP mode file for STMicroelectronics.X-CUBE-NFC9.1.0.0
2025-02-18 09:53:50,554 [WARN] PackLoader:240 - Cannot read IP mode file for STMicroelectronics.X-CUBE-TCPP.4.1.0
2025-02-18 09:53:50,563 [WARN] PackLoader:240 - Cannot read IP mode file for STMicroelectronics.X-CUBE-ALGOBUILD.1.3.0
2025-02-18 09:53:50,596 [WARN] PackLoader:240 - Cannot read IP mode file for STMicroelectronics.X-CUBE-AZRTOS-G0.1.1.0
2025-02-18 09:53:50,609 [WARN] PackLoader:240 - Cannot read IP mode file for STMicroelectronics.X-CUBE-SAFEA1.1.2.2
2025-02-18 09:53:50,617 [WARN] PackLoader:240 - Cannot read IP mode file for STMicroelectronics.X-CUBE-NFC4.3.0.0
2025-02-18 09:53:50,637 [WARN] PackLoader:240 - Cannot read IP mode file for EmbeddedOffice.I-CUBE-FS-RTOS.1.0.1
2025-02-18 09:53:50,660 [WARN] PackLoader:240 - Cannot read IP mode file for STMicroelectronics.X-CUBE-BLEMGR.3.0.0
2025-02-18 09:53:50,902 [WARN] PackLoader:240 - Cannot read IP mode file for STMicroelectronics.X-CUBE-TCPP.4.2.0
2025-02-18 09:53:51,156 [WARN] PackLoader:240 - Cannot read IP mode file for RealThread.X-CUBE-RT-Thread_Nano.4.1.1
2025-02-18 09:53:51,194 [WARN] PackLoader:240 - Cannot read IP mode file for STMicroelectronics.FP-ATR-SIGFOX1.3.2.0
2025-02-18 09:53:51,205 [WARN] ConditionMgr:438 - getConditionDescription Invalid condition id : Cortex-A Device cause : null
2025-02-18 09:53:51,308 [WARN] ConditionMgr:1044 - genDependencies : Invalid condition id : Cortex-A Device cause : null
2025-02-18 09:53:51,309 [WARN] ConditionMgr:1044 - genDependencies : Invalid condition id : Cortex-A Device cause : null
2025-02-18 09:53:51,309 [WARN] ConditionMgr:1044 - genDependencies : Invalid condition id : Cortex-A Device cause : null
2025-02-18 09:53:51,325 [WARN] PackLoader:240 - Cannot read IP mode file for STMicroelectronics.X-CUBE-EEPRMA1.5.1.0
2025-02-18 09:53:51,417 [WARN] PackLoader:240 - Cannot read IP mode file for SEGGER.I-CUBE-embOS.1.3.1
2025-02-18 09:53:51,483 [WARN] PackLoader:240 - Cannot read IP mode file for STMicroelectronics.X-CUBE-ALGOBUILD.1.4.0
2025-02-18 09:53:51,491 [WARN] PackLoader:240 - Cannot read IP mode file for STMicroelectronics.X-CUBE-AI.9.1.0
2025-02-18 09:53:51,498 [WARN] PackLoader:240 - Cannot read IP mode file for STMicroelectronics.X-CUBE-GNSS1.6.0.0
2025-02-18 09:53:51,531 [WARN] PackLoader:240 - Cannot read IP mode file for STMicroelectronics.X-CUBE-AZRTOS-F4.1.1.0
2025-02-18 09:53:51,553 [WARN] PackLoader:240 - Cannot read IP mode file for wolfSSL.I-CUBE-wolfSSL.5.6.3
2025-02-18 09:53:51,558 [WARN] PackLoader:240 - Cannot read IP mode file for STMicroelectronics.X-CUBE-ISPU.2.1.0
2025-02-18 09:53:51,566 [WARN] PackLoader:240 - Cannot read IP mode file for STMicroelectronics.X-CUBE-FREERTOS.1.2.0
2025-02-18 09:53:51,593 [WARN] PackLoader:240 - Cannot read IP mode file for STMicroelectronics.X-CUBE-AZRTOS-L5.2.0.0
2025-02-18 09:53:51,697 [WARN] PackLoader:240 - Cannot read IP mode file for STMicroelectronics.X-CUBE-MEMS1.9.6.0
2025-02-18 09:53:51,851 [WARN] PackLoader:240 - Cannot read IP mode file for STMicroelectronics.X-CUBE-EEPRMA1.4.2.0
2025-02-18 09:53:51,866 [WARN] PackLoader:240 - Cannot read IP mode file for STMicroelectronics.X-CUBE-NFC6.3.1.0
2025-02-18 09:53:51,882 [WARN] PackLoader:240 - Cannot read IP mode file for ITTIA_DB.I-CUBE-ITTIADB.8.8.0
2025-02-18 09:53:51,903 [WARN] PackLoader:240 - Cannot read IP mode file for STMicroelectronics.X-CUBE-BLEMGR.2.0.0
2025-02-18 09:53:51,928 [WARN] PackLoader:240 - Cannot read IP mode file for STMicroelectronics.X-CUBE-DPower.1.2.0
2025-02-18 09:53:51,946 [WARN] PackLoader:240 - Cannot read IP mode file for STMicroelectronics.X-CUBE-AI.9.0.0
2025-02-18 09:53:51,998 [WARN] ConditionMgr:438 - getConditionDescription Invalid condition id : UX DEVICE CLASS RTOS Condition cause : null
2025-02-18 09:53:51,999 [WARN] ConditionMgr:438 - getConditionDescription Invalid condition id : UX DEVICE CLASS RTOS Condition cause : null
2025-02-18 09:53:52,012 [WARN] PackLoader:240 - Cannot read IP mode file for STMicroelectronics.X-CUBE-AZRTOS-H7.3.1.0
2025-02-18 09:53:52,015 [WARN] ConditionMgr:1044 - genDependencies : Invalid condition id : UX DEVICE CLASS RTOS Condition cause : null
2025-02-18 09:53:52,016 [WARN] ConditionMgr:1044 - genDependencies : Invalid condition id : UX DEVICE CLASS RTOS Condition cause : null
2025-02-18 09:53:52,017 [WARN] ConditionMgr:1044 - genDependencies : Invalid condition id : UX DEVICE CLASS RTOS Condition cause : null
2025-02-18 09:53:52,018 [WARN] ConditionMgr:1044 - genDependencies : Invalid condition id : UX DEVICE CLASS RTOS Condition cause : null
2025-02-18 09:53:52,018 [WARN] ConditionMgr:1044 - genDependencies : Invalid condition id : UX DEVICE CLASS RTOS Condition cause : null
2025-02-18 09:53:52,029 [WARN] PackLoader:240 - Cannot read IP mode file for STMicroelectronics.X-CUBE-FREERTOS.1.3.0
2025-02-18 09:53:52,036 [WARN] PackLoader:240 - Cannot read IP mode file for STMicroelectronics.X-CUBE-NFC7.1.0.1
2025-02-18 09:53:52,063 [WARN] PackLoader:240 - Cannot read IP mode file for STMicroelectronics.X-CUBE-NFC6.3.0.0
2025-02-18 09:53:52,078 [WARN] PackLoader:240 - Cannot read IP mode file for STMicroelectronics.X-CUBE-EEPRMA1.4.1.0
2025-02-18 09:53:52,086 [WARN] PackLoader:240 - Cannot read IP mode file for STMicroelectronics.X-CUBE-AI.8.1.0
2025-02-18 09:53:52,122 [WARN] ConditionMgr:438 - getConditionDescription Invalid condition id : LAN8742 Phy interface Condition cause : null
2025-02-18 09:53:52,125 [WARN] PackLoader:240 - Cannot read IP mode file for STMicroelectronics.X-CUBE-AZRTOS-L4.2.0.0
2025-02-18 09:53:52,130 [WARN] ConditionMgr:1044 - genDependencies : Invalid condition id : LAN8742 Phy interface Condition cause : null
2025-02-18 09:53:52,131 [WARN] ConditionMgr:1044 - genDependencies : Invalid condition id : LAN8742 Phy interface Condition cause : null
2025-02-18 09:53:52,134 [WARN] ConditionMgr:1044 - genDependencies : Invalid condition id : LAN8742 Phy interface Condition cause : null
2025-02-18 09:53:52,157 [WARN] PackLoader:240 - Cannot read IP mode file for STMicroelectronics.X-CUBE-SFXS2LP1.4.0.0
2025-02-18 09:53:52,166 [WARN] PackLoader:240 - Cannot read IP mode file for STMicroelectronics.X-CUBE-ISPU.1.1.0
2025-02-18 09:53:52,211 [WARN] PackLoader:240 - Cannot read IP mode file for STMicroelectronics.X-CUBE-AZRTOS-H7.3.3.0
2025-02-18 09:53:52,243 [WARN] PackLoader:240 - Cannot read IP mode file for STMicroelectronics.X-CUBE-IPS.3.0.0
2025-02-18 09:53:52,272 [WARN] ConditionMgr:438 - getConditionDescription Invalid condition id : UX DEVICE CLASS RTOS Condition cause : null
2025-02-18 09:53:52,273 [WARN] ConditionMgr:438 - getConditionDescription Invalid condition id : UX DEVICE CLASS RTOS Condition cause : null
2025-02-18 09:53:52,282 [WARN] PackLoader:240 - Cannot read IP mode file for STMicroelectronics.X-CUBE-AZRTOS-WB.2.0.0
2025-02-18 09:53:52,295 [WARN] ConditionMgr:1044 - genDependencies : Invalid condition id : UX DEVICE CLASS RTOS Condition cause : null
2025-02-18 09:53:52,295 [WARN] ConditionMgr:1044 - genDependencies : Invalid condition id : UX DEVICE CLASS RTOS Condition cause : null
2025-02-18 09:53:52,297 [WARN] ConditionMgr:1044 - genDependencies : Invalid condition id : UX DEVICE CLASS RTOS Condition cause : null
2025-02-18 09:53:52,298 [WARN] ConditionMgr:1044 - genDependencies : Invalid condition id : UX DEVICE CLASS RTOS Condition cause : null
2025-02-18 09:53:52,298 [WARN] ConditionMgr:1044 - genDependencies : Invalid condition id : UX DEVICE CLASS RTOS Condition cause : null
2025-02-18 09:53:52,329 [WARN] PackLoader:240 - Cannot read IP mode file for STMicroelectronics.X-CUBE-GNSS1.7.0.0
2025-02-18 09:53:52,343 [WARN] PackLoader:240 - Cannot read IP mode file for STMicroelectronics.X-CUBE-GNSS1.7.0.1
2025-02-18 09:53:52,375 [WARN] PackLoader:240 - Cannot read IP mode file for STMicroelectronics.FP-SNS-STBOX1.2.0.0
2025-02-18 09:53:52,407 [WARN] PackLoader:240 - Cannot read IP mode file for STMicroelectronics.X-CUBE-SUBG2.5.0.0
2025-02-18 09:53:52,424 [WARN] PackLoader:240 - Cannot read IP mode file for Cesanta.I-CUBE-Mongoose.7.13.0
2025-02-18 09:53:52,439 [WARN] PackLoader:240 - Cannot read IP mode file for STMicroelectronics.X-CUBE-TOF1.3.3.1
2025-02-18 09:53:52,486 [WARN] PackLoader:240 - Cannot read IP mode file for STMicroelectronics.X-CUBE-AZRTOS-G4.2.0.0
2025-02-18 09:53:52,530 [WARN] PackLoader:240 - Cannot read IP mode file for Infineon.AIROC-Wi-Fi-Bluetooth-STM32.1.5.1
2025-02-18 09:53:52,546 [WARN] PackLoader:240 - Cannot read IP mode file for STMicroelectronics.FP-SNS-MOTENVWB1.1.3.0
2025-02-18 09:53:52,570 [WARN] PackLoader:240 - Cannot read IP mode file for STMicroelectronics.FP-SNS-MOTENVWB1.1.3.1
2025-02-18 09:53:52,582 [WARN] PackLoader:240 - Cannot read IP mode file for STMicroelectronics.X-CUBE-ISPU.2.0.0
2025-02-18 09:53:52,600 [WARN] PackLoader:240 - Cannot read IP mode file for STMicroelectronics.X-CUBE-IPS.3.1.0
2025-02-18 09:53:52,654 [WARN] PackLoader:240 - Cannot read IP mode file for STMicroelectronics.X-CUBE-ALS.1.0.2
2025-02-18 09:53:52,871 [WARN] PackLoader:240 - Cannot read IP mode file for STMicroelectronics.X-CUBE-MEMS1.10.0.0
2025-02-18 09:53:53,068 [WARN] PackLoader:240 - Cannot read IP mode file for STMicroelectronics.X-CUBE-FREERTOS.1.1.0
2025-02-18 09:53:53,077 [WARN] PackLoader:240 - Cannot read IP mode file for STMicroelectronics.X-CUBE-TOUCHGFX.4.24.0
2025-02-18 09:53:53,084 [WARN] PackLoader:240 - Cannot read IP mode file for STMicroelectronics.X-CUBE-TOUCHGFX.4.24.2
2025-02-18 09:53:53,090 [WARN] PackLoader:240 - Cannot read IP mode file for STMicroelectronics.X-CUBE-TOUCHGFX.4.24.1
2025-02-18 09:53:53,097 [WARN] PackLoader:240 - Cannot read IP mode file for wolfSSL.I-CUBE-wolfTPM.3.4.0
2025-02-18 09:53:53,117 [WARN] PackLoader:240 - Cannot read IP mode file for portGmbH.I-Cube-SoM-uGOAL.1.1.0
2025-02-18 09:53:53,130 [WARN] PackLoader:240 - Cannot read IP mode file for STMicroelectronics.X-CUBE-ALS.1.0.1
2025-02-18 09:53:53,160 [WARN] PackLoader:240 - Cannot read IP mode file for STMicroelectronics.X-CUBE-AZRTOS-H7RS.1.0.0
2025-02-18 09:53:53,175 [WARN] PackLoader:240 - Cannot read IP mode file for STMicroelectronics.FP-ATR-ASTRA1.2.0.0
2025-02-18 09:53:53,206 [WARN] PackLoader:240 - Cannot read IP mode file for STMicroelectronics.X-CUBE-TOF1.3.4.2
2025-02-18 09:53:53,242 [WARN] PackLoader:240 - Cannot read IP mode file for STMicroelectronics.X-CUBE-TOF1.3.4.0
2025-02-18 09:53:53,273 [WARN] PackLoader:240 - Cannot read IP mode file for STMicroelectronics.X-CUBE-TOF1.3.4.1
2025-02-18 09:53:53,341 [WARN] PackLoader:240 - Cannot read IP mode file for STMicroelectronics.X-CUBE-AZRTOS-H7.3.2.0
2025-02-18 09:53:53,368 [WARN] PackLoader:240 - Cannot read IP mode file for wolfSSL.I-CUBE-wolfSSH.1.4.17
2025-02-18 09:53:53,371 [INFO] ThirdParty:978 - Integrity check success = true
2025-02-18 09:53:53,371 [INFO] IntegrityCheckThread:100 - exiting critical section [integrity check]
2025-02-18 09:53:53,371 [INFO] IntegrityCheckThread:103 - End integrity checks thread
2025-02-18 09:53:53,392 [INFO] WebApp:168 - Instantiating new browser for Auth
2025-02-18 09:53:55,893 [INFO] WebApp:449 - Apply proxy settings
2025-02-18 09:53:55,986 [INFO] WebApp:494 - Chromium authenticates against Manually configured proxy
2025-02-18 09:53:56,052 [INFO] WebApp:502 - Username used for proxy authentication: 
2025-02-18 09:53:56,154 [INFO] WebApp:880 - Register for checkConnection events
2025-02-18 09:53:56,156 [INFO] WebApp:449 - Apply proxy settings
2025-02-18 09:53:56,175 [INFO] WebApp:494 - Chromium authenticates against Manually configured proxy
2025-02-18 09:53:56,175 [INFO] WebApp:502 - Username used for proxy authentication: 
2025-02-18 09:53:56,424 [INFO] WebApp:221 - Starting web application
2025-02-18 09:53:56,425 [INFO] WebApp:579 - Web application path used /Applications/STM32CubeIDE.app/Contents/Eclipse/plugins/com.st.stm32cube.common.mx_6.13.0.202411220809/db/plugins/mcufinder/reactClient1/index.html
2025-02-18 09:53:57,103 [INFO] WebApp:187 - Connection restablished
2025-02-18 09:53:57,446 [INFO] UserAuth:486 - Internet connection configuration mode: 1
